The system is: Darwin - 19.6.0 - x86_64
Compiling the C compiler identification source file "CMakeCCompilerId.c" succeeded.
Compiler: /Library/Developer/CommandLineTools/usr/bin/cc 
Build flags: 
Id flags:  

The output was:
0


Compilation of the C compiler identification source "CMakeCCompilerId.c" produced "a.out"

The C compiler identification is AppleClang, found in "/Users/inflalfa/Desktop/Columbia/robotics/final project/vlRLstack/src/rgb_stacking/dm_rob/cpp/build/temp.macosx-10.9-x86_64-3.8/CMakeFiles/3.18.1/CompilerIdC/a.out"

Compiling the CXX compiler identification source file "CMakeCXXCompilerId.cpp" succeeded.
Compiler: /Library/Developer/CommandLineTools/usr/bin/c++ 
Build flags: 
Id flags:  

The output was:
0


Compilation of the CXX compiler identification source "CMakeCXXCompilerId.cpp" produced "a.out"

The CXX compiler identification is AppleClang, found in "/Users/inflalfa/Desktop/Columbia/robotics/final project/vlRLstack/src/rgb_stacking/dm_rob/cpp/build/temp.macosx-10.9-x86_64-3.8/CMakeFiles/3.18.1/CompilerIdCXX/a.out"

Detecting C compiler ABI info compiled with the following output:
Change Dir: /Users/inflalfa/Desktop/Columbia/robotics/final project/vlRLstack/src/rgb_stacking/dm_rob/cpp/build/temp.macosx-10.9-x86_64-3.8/CMakeFiles/CMakeTmp

Run Build Command(s):/usr/bin/make cmTC_1465e/fast && /Library/Developer/CommandLineTools/usr/bin/make  -f CMakeFiles/cmTC_1465e.dir/build.make CMakeFiles/cmTC_1465e.dir/build
Building C object CMakeFiles/cmTC_1465e.dir/CMakeCCompilerABI.c.o
/Library/Developer/CommandLineTools/usr/bin/cc   -isysroot /Library/Developer/CommandLineTools/SDKs/MacOSX10.15.sdk   -v -Wl,-v -o CMakeFiles/cmTC_1465e.dir/CMakeCCompilerABI.c.o -c /usr/local/Cellar/cmake/3.18.1/share/cmake/Modules/CMakeCCompilerABI.c
Apple clang version 12.0.0 (clang-1200.0.32.29)
Target: x86_64-apple-darwin19.6.0
Thread model: posix
InstalledDir: /Library/Developer/CommandLineTools/usr/bin
clang: warning: -Wl,-v: 'linker' input unused [-Wunused-command-line-argument]
 "/Library/Developer/CommandLineTools/usr/bin/clang" -cc1 -triple x86_64-apple-macosx10.15.0 -Wdeprecated-objc-isa-usage -Werror=deprecated-objc-isa-usage -Werror=implicit-function-declaration -emit-obj -mrelax-all -disable-free -disable-llvm-verifier -discard-value-names -main-file-name CMakeCCompilerABI.c -mrelocation-model pic -pic-level 2 -mthread-model posix -mframe-pointer=all -fno-strict-return -masm-verbose -munwind-tables -target-sdk-version=10.15.6 -fcompatibility-qualified-id-block-type-checking -target-cpu penryn -dwarf-column-info -debugger-tuning=lldb -target-linker-version 609.8 -v -resource-dir /Library/Developer/CommandLineTools/usr/lib/clang/12.0.0 -isysroot /Library/Developer/CommandLineTools/SDKs/MacOSX10.15.sdk -internal-isystem /Library/Developer/CommandLineTools/SDKs/MacOSX10.15.sdk/usr/local/include -internal-isystem /Library/Developer/CommandLineTools/usr/lib/clang/12.0.0/include -internal-externc-isystem /Library/Developer/CommandLineTools/SDKs/MacOSX10.15.sdk/usr/include -internal-externc-isystem /Library/Developer/CommandLineTools/usr/include -Wno-reorder-init-list -Wno-implicit-int-float-conversion -Wno-c99-designator -Wno-final-dtor-non-final-class -Wno-extra-semi-stmt -Wno-misleading-indentation -Wno-quoted-include-in-framework-header -Wno-implicit-fallthrough -Wno-enum-enum-conversion -Wno-enum-float-conversion -fdebug-compilation-dir "/Users/inflalfa/Desktop/Columbia/robotics/final project/vlRLstack/src/rgb_stacking/dm_rob/cpp/build/temp.macosx-10.9-x86_64-3.8/CMakeFiles/CMakeTmp" -ferror-limit 19 -fmessage-length 0 -stack-protector 1 -fstack-check -mdarwin-stkchk-strong-link -fblocks -fencode-extended-block-signature -fregister-global-dtors-with-atexit -fgnuc-version=4.2.1 -fobjc-runtime=macosx-10.15.0 -fmax-type-align=16 -fdiagnostics-show-option -o CMakeFiles/cmTC_1465e.dir/CMakeCCompilerABI.c.o -x c /usr/local/Cellar/cmake/3.18.1/share/cmake/Modules/CMakeCCompilerABI.c
clang -cc1 version 12.0.0 (clang-1200.0.32.29) default target x86_64-apple-darwin19.6.0
ignoring nonexistent directory "/Library/Developer/CommandLineTools/SDKs/MacOSX10.15.sdk/usr/local/include"
ignoring nonexistent directory "/Library/Developer/CommandLineTools/SDKs/MacOSX10.15.sdk/Library/Frameworks"
#include "..." search starts here:
#include <...> search starts here:
 /Library/Developer/CommandLineTools/usr/lib/clang/12.0.0/include
 /Library/Developer/CommandLineTools/SDKs/MacOSX10.15.sdk/usr/include
 /Library/Developer/CommandLineTools/usr/include
 /Library/Developer/CommandLineTools/SDKs/MacOSX10.15.sdk/System/Library/Frameworks (framework directory)
End of search list.
Linking C executable cmTC_1465e
/usr/local/Cellar/cmake/3.18.1/bin/cmake -E cmake_link_script CMakeFiles/cmTC_1465e.dir/link.txt --verbose=1
/Library/Developer/CommandLineTools/usr/bin/cc  -isysroot /Library/Developer/CommandLineTools/SDKs/MacOSX10.15.sdk -Wl,-search_paths_first -Wl,-headerpad_max_install_names  -v -Wl,-v CMakeFiles/cmTC_1465e.dir/CMakeCCompilerABI.c.o -o cmTC_1465e 
Apple clang version 12.0.0 (clang-1200.0.32.29)
Target: x86_64-apple-darwin19.6.0
Thread model: posix
InstalledDir: /Library/Developer/CommandLineTools/usr/bin
 "/Library/Developer/CommandLineTools/usr/bin/ld" -demangle -lto_library /Library/Developer/CommandLineTools/usr/lib/libLTO.dylib -dynamic -arch x86_64 -platform_version macos 10.15.0 10.15.6 -syslibroot /Library/Developer/CommandLineTools/SDKs/MacOSX10.15.sdk -o cmTC_1465e -search_paths_first -headerpad_max_install_names -v CMakeFiles/cmTC_1465e.dir/CMakeCCompilerABI.c.o -lSystem /Library/Developer/CommandLineTools/usr/lib/clang/12.0.0/lib/darwin/libclang_rt.osx.a
@(#)PROGRAM:ld  PROJECT:ld64-609.8
BUILD 15:07:46 Dec 18 2020
configured to support archs: armv6 armv7 armv7s arm64 arm64e arm64_32 i386 x86_64 x86_64h armv6m armv7k armv7m armv7em
Library search paths:
	/Library/Developer/CommandLineTools/SDKs/MacOSX10.15.sdk/usr/lib
Framework search paths:
	/Library/Developer/CommandLineTools/SDKs/MacOSX10.15.sdk/System/Library/Frameworks/



Parsed C implicit include dir info from above output: rv=done
  found start of include info
  found start of implicit include info
    add: [/Library/Developer/CommandLineTools/usr/lib/clang/12.0.0/include]
    add: [/Library/Developer/CommandLineTools/SDKs/MacOSX10.15.sdk/usr/include]
    add: [/Library/Developer/CommandLineTools/usr/include]
  end of search list found
  collapse include dir [/Library/Developer/CommandLineTools/usr/lib/clang/12.0.0/include] ==> [/Library/Developer/CommandLineTools/usr/lib/clang/12.0.0/include]
  collapse include dir [/Library/Developer/CommandLineTools/SDKs/MacOSX10.15.sdk/usr/include] ==> [/Library/Developer/CommandLineTools/SDKs/MacOSX10.15.sdk/usr/include]
  collapse include dir [/Library/Developer/CommandLineTools/usr/include] ==> [/Library/Developer/CommandLineTools/usr/include]
  implicit include dirs: [/Library/Developer/CommandLineTools/usr/lib/clang/12.0.0/include;/Library/Developer/CommandLineTools/SDKs/MacOSX10.15.sdk/usr/include;/Library/Developer/CommandLineTools/usr/include]


Parsed C implicit link information from above output:
  link line regex: [^( *|.*[/\])(ld|CMAKE_LINK_STARTFILE-NOTFOUND|([^/\]+-)?ld|collect2)[^/\]*( |$)]
  ignore line: [Change Dir: /Users/inflalfa/Desktop/Columbia/robotics/final project/vlRLstack/src/rgb_stacking/dm_rob/cpp/build/temp.macosx-10.9-x86_64-3.8/CMakeFiles/CMakeTmp]
  ignore line: []
  ignore line: [Run Build Command(s):/usr/bin/make cmTC_1465e/fast && /Library/Developer/CommandLineTools/usr/bin/make  -f CMakeFiles/cmTC_1465e.dir/build.make CMakeFiles/cmTC_1465e.dir/build]
  ignore line: [Building C object CMakeFiles/cmTC_1465e.dir/CMakeCCompilerABI.c.o]
  ignore line: [/Library/Developer/CommandLineTools/usr/bin/cc   -isysroot /Library/Developer/CommandLineTools/SDKs/MacOSX10.15.sdk   -v -Wl -v -o CMakeFiles/cmTC_1465e.dir/CMakeCCompilerABI.c.o -c /usr/local/Cellar/cmake/3.18.1/share/cmake/Modules/CMakeCCompilerABI.c]
  ignore line: [Apple clang version 12.0.0 (clang-1200.0.32.29)]
  ignore line: [Target: x86_64-apple-darwin19.6.0]
  ignore line: [Thread model: posix]
  ignore line: [InstalledDir: /Library/Developer/CommandLineTools/usr/bin]
  ignore line: [clang: warning: -Wl -v: 'linker' input unused [-Wunused-command-line-argument]]
  ignore line: [ "/Library/Developer/CommandLineTools/usr/bin/clang" -cc1 -triple x86_64-apple-macosx10.15.0 -Wdeprecated-objc-isa-usage -Werror=deprecated-objc-isa-usage -Werror=implicit-function-declaration -emit-obj -mrelax-all -disable-free -disable-llvm-verifier -discard-value-names -main-file-name CMakeCCompilerABI.c -mrelocation-model pic -pic-level 2 -mthread-model posix -mframe-pointer=all -fno-strict-return -masm-verbose -munwind-tables -target-sdk-version=10.15.6 -fcompatibility-qualified-id-block-type-checking -target-cpu penryn -dwarf-column-info -debugger-tuning=lldb -target-linker-version 609.8 -v -resource-dir /Library/Developer/CommandLineTools/usr/lib/clang/12.0.0 -isysroot /Library/Developer/CommandLineTools/SDKs/MacOSX10.15.sdk -internal-isystem /Library/Developer/CommandLineTools/SDKs/MacOSX10.15.sdk/usr/local/include -internal-isystem /Library/Developer/CommandLineTools/usr/lib/clang/12.0.0/include -internal-externc-isystem /Library/Developer/CommandLineTools/SDKs/MacOSX10.15.sdk/usr/include -internal-externc-isystem /Library/Developer/CommandLineTools/usr/include -Wno-reorder-init-list -Wno-implicit-int-float-conversion -Wno-c99-designator -Wno-final-dtor-non-final-class -Wno-extra-semi-stmt -Wno-misleading-indentation -Wno-quoted-include-in-framework-header -Wno-implicit-fallthrough -Wno-enum-enum-conversion -Wno-enum-float-conversion -fdebug-compilation-dir "/Users/inflalfa/Desktop/Columbia/robotics/final project/vlRLstack/src/rgb_stacking/dm_rob/cpp/build/temp.macosx-10.9-x86_64-3.8/CMakeFiles/CMakeTmp" -ferror-limit 19 -fmessage-length 0 -stack-protector 1 -fstack-check -mdarwin-stkchk-strong-link -fblocks -fencode-extended-block-signature -fregister-global-dtors-with-atexit -fgnuc-version=4.2.1 -fobjc-runtime=macosx-10.15.0 -fmax-type-align=16 -fdiagnostics-show-option -o CMakeFiles/cmTC_1465e.dir/CMakeCCompilerABI.c.o -x c /usr/local/Cellar/cmake/3.18.1/share/cmake/Modules/CMakeCCompilerABI.c]
  ignore line: [clang -cc1 version 12.0.0 (clang-1200.0.32.29) default target x86_64-apple-darwin19.6.0]
  ignore line: [ignoring nonexistent directory "/Library/Developer/CommandLineTools/SDKs/MacOSX10.15.sdk/usr/local/include"]
  ignore line: [ignoring nonexistent directory "/Library/Developer/CommandLineTools/SDKs/MacOSX10.15.sdk/Library/Frameworks"]
  ignore line: [#include "..." search starts here:]
  ignore line: [#include <...> search starts here:]
  ignore line: [ /Library/Developer/CommandLineTools/usr/lib/clang/12.0.0/include]
  ignore line: [ /Library/Developer/CommandLineTools/SDKs/MacOSX10.15.sdk/usr/include]
  ignore line: [ /Library/Developer/CommandLineTools/usr/include]
  ignore line: [ /Library/Developer/CommandLineTools/SDKs/MacOSX10.15.sdk/System/Library/Frameworks (framework directory)]
  ignore line: [End of search list.]
  ignore line: [Linking C executable cmTC_1465e]
  ignore line: [/usr/local/Cellar/cmake/3.18.1/bin/cmake -E cmake_link_script CMakeFiles/cmTC_1465e.dir/link.txt --verbose=1]
  ignore line: [/Library/Developer/CommandLineTools/usr/bin/cc  -isysroot /Library/Developer/CommandLineTools/SDKs/MacOSX10.15.sdk -Wl -search_paths_first -Wl -headerpad_max_install_names  -v -Wl -v CMakeFiles/cmTC_1465e.dir/CMakeCCompilerABI.c.o -o cmTC_1465e ]
  ignore line: [Apple clang version 12.0.0 (clang-1200.0.32.29)]
  ignore line: [Target: x86_64-apple-darwin19.6.0]
  ignore line: [Thread model: posix]
  ignore line: [InstalledDir: /Library/Developer/CommandLineTools/usr/bin]
  link line: [ "/Library/Developer/CommandLineTools/usr/bin/ld" -demangle -lto_library /Library/Developer/CommandLineTools/usr/lib/libLTO.dylib -dynamic -arch x86_64 -platform_version macos 10.15.0 10.15.6 -syslibroot /Library/Developer/CommandLineTools/SDKs/MacOSX10.15.sdk -o cmTC_1465e -search_paths_first -headerpad_max_install_names -v CMakeFiles/cmTC_1465e.dir/CMakeCCompilerABI.c.o -lSystem /Library/Developer/CommandLineTools/usr/lib/clang/12.0.0/lib/darwin/libclang_rt.osx.a]
    arg [/Library/Developer/CommandLineTools/usr/bin/ld] ==> ignore
    arg [-demangle] ==> ignore
    arg [-lto_library] ==> ignore, skip following value
    arg [/Library/Developer/CommandLineTools/usr/lib/libLTO.dylib] ==> skip value of -lto_library
    arg [-dynamic] ==> ignore
    arg [-arch] ==> ignore
    arg [x86_64] ==> ignore
    arg [-platform_version] ==> ignore
    arg [macos] ==> ignore
    arg [10.15.0] ==> ignore
    arg [10.15.6] ==> ignore
    arg [-syslibroot] ==> ignore
    arg [/Library/Developer/CommandLineTools/SDKs/MacOSX10.15.sdk] ==> ignore
    arg [-o] ==> ignore
    arg [cmTC_1465e] ==> ignore
    arg [-search_paths_first] ==> ignore
    arg [-headerpad_max_install_names] ==> ignore
    arg [-v] ==> ignore
    arg [CMakeFiles/cmTC_1465e.dir/CMakeCCompilerABI.c.o] ==> ignore
    arg [-lSystem] ==> lib [System]
    arg [/Library/Developer/CommandLineTools/usr/lib/clang/12.0.0/lib/darwin/libclang_rt.osx.a] ==> lib [/Library/Developer/CommandLineTools/usr/lib/clang/12.0.0/lib/darwin/libclang_rt.osx.a]
  Library search paths: [;/Library/Developer/CommandLineTools/SDKs/MacOSX10.15.sdk/usr/lib]
  Framework search paths: [;/Library/Developer/CommandLineTools/SDKs/MacOSX10.15.sdk/System/Library/Frameworks/]
  remove lib [System]
  remove lib [/Library/Developer/CommandLineTools/usr/lib/clang/12.0.0/lib/darwin/libclang_rt.osx.a]
  collapse library dir [/Library/Developer/CommandLineTools/SDKs/MacOSX10.15.sdk/usr/lib] ==> [/Library/Developer/CommandLineTools/SDKs/MacOSX10.15.sdk/usr/lib]
  collapse framework dir [/Library/Developer/CommandLineTools/SDKs/MacOSX10.15.sdk/System/Library/Frameworks/] ==> [/Library/Developer/CommandLineTools/SDKs/MacOSX10.15.sdk/System/Library/Frameworks]
  implicit libs: []
  implicit dirs: [/Library/Developer/CommandLineTools/SDKs/MacOSX10.15.sdk/usr/lib]
  implicit fwks: [/Library/Developer/CommandLineTools/SDKs/MacOSX10.15.sdk/System/Library/Frameworks]


Detecting CXX compiler ABI info compiled with the following output:
Change Dir: /Users/inflalfa/Desktop/Columbia/robotics/final project/vlRLstack/src/rgb_stacking/dm_rob/cpp/build/temp.macosx-10.9-x86_64-3.8/CMakeFiles/CMakeTmp

Run Build Command(s):/usr/bin/make cmTC_43b80/fast && /Library/Developer/CommandLineTools/usr/bin/make  -f CMakeFiles/cmTC_43b80.dir/build.make CMakeFiles/cmTC_43b80.dir/build
Building CXX object CMakeFiles/cmTC_43b80.dir/CMakeCXXCompilerABI.cpp.o
/Library/Developer/CommandLineTools/usr/bin/c++   -isysroot /Library/Developer/CommandLineTools/SDKs/MacOSX10.15.sdk   -v -Wl,-v -o CMakeFiles/cmTC_43b80.dir/CMakeCXXCompilerABI.cpp.o -c /usr/local/Cellar/cmake/3.18.1/share/cmake/Modules/CMakeCXXCompilerABI.cpp
Apple clang version 12.0.0 (clang-1200.0.32.29)
Target: x86_64-apple-darwin19.6.0
Thread model: posix
InstalledDir: /Library/Developer/CommandLineTools/usr/bin
clang: warning: -Wl,-v: 'linker' input unused [-Wunused-command-line-argument]
ignoring nonexistent directory "/Library/Developer/CommandLineTools/SDKs/MacOSX10.15.sdk/usr/include/c++/v1"
 "/Library/Developer/CommandLineTools/usr/bin/clang" -cc1 -triple x86_64-apple-macosx10.15.0 -Wdeprecated-objc-isa-usage -Werror=deprecated-objc-isa-usage -Werror=implicit-function-declaration -emit-obj -mrelax-all -disable-free -disable-llvm-verifier -discard-value-names -main-file-name CMakeCXXCompilerABI.cpp -mrelocation-model pic -pic-level 2 -mthread-model posix -mframe-pointer=all -fno-strict-return -masm-verbose -munwind-tables -target-sdk-version=10.15.6 -fcompatibility-qualified-id-block-type-checking -target-cpu penryn -dwarf-column-info -debugger-tuning=lldb -target-linker-version 609.8 -v -resource-dir /Library/Developer/CommandLineTools/usr/lib/clang/12.0.0 -isysroot /Library/Developer/CommandLineTools/SDKs/MacOSX10.15.sdk -stdlib=libc++ -internal-isystem /Library/Developer/CommandLineTools/usr/bin/../include/c++/v1 -internal-isystem /Library/Developer/CommandLineTools/SDKs/MacOSX10.15.sdk/usr/local/include -internal-isystem /Library/Developer/CommandLineTools/usr/lib/clang/12.0.0/include -internal-externc-isystem /Library/Developer/CommandLineTools/SDKs/MacOSX10.15.sdk/usr/include -internal-externc-isystem /Library/Developer/CommandLineTools/usr/include -Wno-reorder-init-list -Wno-implicit-int-float-conversion -Wno-c99-designator -Wno-final-dtor-non-final-class -Wno-extra-semi-stmt -Wno-misleading-indentation -Wno-quoted-include-in-framework-header -Wno-implicit-fallthrough -Wno-enum-enum-conversion -Wno-enum-float-conversion -fdeprecated-macro -fdebug-compilation-dir "/Users/inflalfa/Desktop/Columbia/robotics/final project/vlRLstack/src/rgb_stacking/dm_rob/cpp/build/temp.macosx-10.9-x86_64-3.8/CMakeFiles/CMakeTmp" -ferror-limit 19 -fmessage-length 0 -stack-protector 1 -fstack-check -mdarwin-stkchk-strong-link -fblocks -fencode-extended-block-signature -fregister-global-dtors-with-atexit -fgnuc-version=4.2.1 -fobjc-runtime=macosx-10.15.0 -fcxx-exceptions -fexceptions -fmax-type-align=16 -fdiagnostics-show-option -o CMakeFiles/cmTC_43b80.dir/CMakeCXXCompilerABI.cpp.o -x c++ /usr/local/Cellar/cmake/3.18.1/share/cmake/Modules/CMakeCXXCompilerABI.cpp
clang -cc1 version 12.0.0 (clang-1200.0.32.29) default target x86_64-apple-darwin19.6.0
ignoring nonexistent directory "/Library/Developer/CommandLineTools/SDKs/MacOSX10.15.sdk/usr/local/include"
ignoring nonexistent directory "/Library/Developer/CommandLineTools/SDKs/MacOSX10.15.sdk/Library/Frameworks"
#include "..." search starts here:
#include <...> search starts here:
 /Library/Developer/CommandLineTools/usr/bin/../include/c++/v1
 /Library/Developer/CommandLineTools/usr/lib/clang/12.0.0/include
 /Library/Developer/CommandLineTools/SDKs/MacOSX10.15.sdk/usr/include
 /Library/Developer/CommandLineTools/usr/include
 /Library/Developer/CommandLineTools/SDKs/MacOSX10.15.sdk/System/Library/Frameworks (framework directory)
End of search list.
Linking CXX executable cmTC_43b80
/usr/local/Cellar/cmake/3.18.1/bin/cmake -E cmake_link_script CMakeFiles/cmTC_43b80.dir/link.txt --verbose=1
/Library/Developer/CommandLineTools/usr/bin/c++  -isysroot /Library/Developer/CommandLineTools/SDKs/MacOSX10.15.sdk -Wl,-search_paths_first -Wl,-headerpad_max_install_names  -v -Wl,-v CMakeFiles/cmTC_43b80.dir/CMakeCXXCompilerABI.cpp.o -o cmTC_43b80 
Apple clang version 12.0.0 (clang-1200.0.32.29)
Target: x86_64-apple-darwin19.6.0
Thread model: posix
InstalledDir: /Library/Developer/CommandLineTools/usr/bin
 "/Library/Developer/CommandLineTools/usr/bin/ld" -demangle -lto_library /Library/Developer/CommandLineTools/usr/lib/libLTO.dylib -dynamic -arch x86_64 -platform_version macos 10.15.0 10.15.6 -syslibroot /Library/Developer/CommandLineTools/SDKs/MacOSX10.15.sdk -o cmTC_43b80 -search_paths_first -headerpad_max_install_names -v CMakeFiles/cmTC_43b80.dir/CMakeCXXCompilerABI.cpp.o -lc++ -lSystem /Library/Developer/CommandLineTools/usr/lib/clang/12.0.0/lib/darwin/libclang_rt.osx.a
@(#)PROGRAM:ld  PROJECT:ld64-609.8
BUILD 15:07:46 Dec 18 2020
configured to support archs: armv6 armv7 armv7s arm64 arm64e arm64_32 i386 x86_64 x86_64h armv6m armv7k armv7m armv7em
Library search paths:
	/Library/Developer/CommandLineTools/SDKs/MacOSX10.15.sdk/usr/lib
Framework search paths:
	/Library/Developer/CommandLineTools/SDKs/MacOSX10.15.sdk/System/Library/Frameworks/



Parsed CXX implicit include dir info from above output: rv=done
  found start of include info
  found start of implicit include info
    add: [/Library/Developer/CommandLineTools/usr/bin/../include/c++/v1]
    add: [/Library/Developer/CommandLineTools/usr/lib/clang/12.0.0/include]
    add: [/Library/Developer/CommandLineTools/SDKs/MacOSX10.15.sdk/usr/include]
    add: [/Library/Developer/CommandLineTools/usr/include]
  end of search list found
  collapse include dir [/Library/Developer/CommandLineTools/usr/bin/../include/c++/v1] ==> [/Library/Developer/CommandLineTools/usr/include/c++/v1]
  collapse include dir [/Library/Developer/CommandLineTools/usr/lib/clang/12.0.0/include] ==> [/Library/Developer/CommandLineTools/usr/lib/clang/12.0.0/include]
  collapse include dir [/Library/Developer/CommandLineTools/SDKs/MacOSX10.15.sdk/usr/include] ==> [/Library/Developer/CommandLineTools/SDKs/MacOSX10.15.sdk/usr/include]
  collapse include dir [/Library/Developer/CommandLineTools/usr/include] ==> [/Library/Developer/CommandLineTools/usr/include]
  implicit include dirs: [/Library/Developer/CommandLineTools/usr/include/c++/v1;/Library/Developer/CommandLineTools/usr/lib/clang/12.0.0/include;/Library/Developer/CommandLineTools/SDKs/MacOSX10.15.sdk/usr/include;/Library/Developer/CommandLineTools/usr/include]


Parsed CXX implicit link information from above output:
  link line regex: [^( *|.*[/\])(ld|CMAKE_LINK_STARTFILE-NOTFOUND|([^/\]+-)?ld|collect2)[^/\]*( |$)]
  ignore line: [Change Dir: /Users/inflalfa/Desktop/Columbia/robotics/final project/vlRLstack/src/rgb_stacking/dm_rob/cpp/build/temp.macosx-10.9-x86_64-3.8/CMakeFiles/CMakeTmp]
  ignore line: []
  ignore line: [Run Build Command(s):/usr/bin/make cmTC_43b80/fast && /Library/Developer/CommandLineTools/usr/bin/make  -f CMakeFiles/cmTC_43b80.dir/build.make CMakeFiles/cmTC_43b80.dir/build]
  ignore line: [Building CXX object CMakeFiles/cmTC_43b80.dir/CMakeCXXCompilerABI.cpp.o]
  ignore line: [/Library/Developer/CommandLineTools/usr/bin/c++   -isysroot /Library/Developer/CommandLineTools/SDKs/MacOSX10.15.sdk   -v -Wl -v -o CMakeFiles/cmTC_43b80.dir/CMakeCXXCompilerABI.cpp.o -c /usr/local/Cellar/cmake/3.18.1/share/cmake/Modules/CMakeCXXCompilerABI.cpp]
  ignore line: [Apple clang version 12.0.0 (clang-1200.0.32.29)]
  ignore line: [Target: x86_64-apple-darwin19.6.0]
  ignore line: [Thread model: posix]
  ignore line: [InstalledDir: /Library/Developer/CommandLineTools/usr/bin]
  ignore line: [clang: warning: -Wl -v: 'linker' input unused [-Wunused-command-line-argument]]
  ignore line: [ignoring nonexistent directory "/Library/Developer/CommandLineTools/SDKs/MacOSX10.15.sdk/usr/include/c++/v1"]
  ignore line: [ "/Library/Developer/CommandLineTools/usr/bin/clang" -cc1 -triple x86_64-apple-macosx10.15.0 -Wdeprecated-objc-isa-usage -Werror=deprecated-objc-isa-usage -Werror=implicit-function-declaration -emit-obj -mrelax-all -disable-free -disable-llvm-verifier -discard-value-names -main-file-name CMakeCXXCompilerABI.cpp -mrelocation-model pic -pic-level 2 -mthread-model posix -mframe-pointer=all -fno-strict-return -masm-verbose -munwind-tables -target-sdk-version=10.15.6 -fcompatibility-qualified-id-block-type-checking -target-cpu penryn -dwarf-column-info -debugger-tuning=lldb -target-linker-version 609.8 -v -resource-dir /Library/Developer/CommandLineTools/usr/lib/clang/12.0.0 -isysroot /Library/Developer/CommandLineTools/SDKs/MacOSX10.15.sdk -stdlib=libc++ -internal-isystem /Library/Developer/CommandLineTools/usr/bin/../include/c++/v1 -internal-isystem /Library/Developer/CommandLineTools/SDKs/MacOSX10.15.sdk/usr/local/include -internal-isystem /Library/Developer/CommandLineTools/usr/lib/clang/12.0.0/include -internal-externc-isystem /Library/Developer/CommandLineTools/SDKs/MacOSX10.15.sdk/usr/include -internal-externc-isystem /Library/Developer/CommandLineTools/usr/include -Wno-reorder-init-list -Wno-implicit-int-float-conversion -Wno-c99-designator -Wno-final-dtor-non-final-class -Wno-extra-semi-stmt -Wno-misleading-indentation -Wno-quoted-include-in-framework-header -Wno-implicit-fallthrough -Wno-enum-enum-conversion -Wno-enum-float-conversion -fdeprecated-macro -fdebug-compilation-dir "/Users/inflalfa/Desktop/Columbia/robotics/final project/vlRLstack/src/rgb_stacking/dm_rob/cpp/build/temp.macosx-10.9-x86_64-3.8/CMakeFiles/CMakeTmp" -ferror-limit 19 -fmessage-length 0 -stack-protector 1 -fstack-check -mdarwin-stkchk-strong-link -fblocks -fencode-extended-block-signature -fregister-global-dtors-with-atexit -fgnuc-version=4.2.1 -fobjc-runtime=macosx-10.15.0 -fcxx-exceptions -fexceptions -fmax-type-align=16 -fdiagnostics-show-option -o CMakeFiles/cmTC_43b80.dir/CMakeCXXCompilerABI.cpp.o -x c++ /usr/local/Cellar/cmake/3.18.1/share/cmake/Modules/CMakeCXXCompilerABI.cpp]
  ignore line: [clang -cc1 version 12.0.0 (clang-1200.0.32.29) default target x86_64-apple-darwin19.6.0]
  ignore line: [ignoring nonexistent directory "/Library/Developer/CommandLineTools/SDKs/MacOSX10.15.sdk/usr/local/include"]
  ignore line: [ignoring nonexistent directory "/Library/Developer/CommandLineTools/SDKs/MacOSX10.15.sdk/Library/Frameworks"]
  ignore line: [#include "..." search starts here:]
  ignore line: [#include <...> search starts here:]
  ignore line: [ /Library/Developer/CommandLineTools/usr/bin/../include/c++/v1]
  ignore line: [ /Library/Developer/CommandLineTools/usr/lib/clang/12.0.0/include]
  ignore line: [ /Library/Developer/CommandLineTools/SDKs/MacOSX10.15.sdk/usr/include]
  ignore line: [ /Library/Developer/CommandLineTools/usr/include]
  ignore line: [ /Library/Developer/CommandLineTools/SDKs/MacOSX10.15.sdk/System/Library/Frameworks (framework directory)]
  ignore line: [End of search list.]
  ignore line: [Linking CXX executable cmTC_43b80]
  ignore line: [/usr/local/Cellar/cmake/3.18.1/bin/cmake -E cmake_link_script CMakeFiles/cmTC_43b80.dir/link.txt --verbose=1]
  ignore line: [/Library/Developer/CommandLineTools/usr/bin/c++  -isysroot /Library/Developer/CommandLineTools/SDKs/MacOSX10.15.sdk -Wl -search_paths_first -Wl -headerpad_max_install_names  -v -Wl -v CMakeFiles/cmTC_43b80.dir/CMakeCXXCompilerABI.cpp.o -o cmTC_43b80 ]
  ignore line: [Apple clang version 12.0.0 (clang-1200.0.32.29)]
  ignore line: [Target: x86_64-apple-darwin19.6.0]
  ignore line: [Thread model: posix]
  ignore line: [InstalledDir: /Library/Developer/CommandLineTools/usr/bin]
  link line: [ "/Library/Developer/CommandLineTools/usr/bin/ld" -demangle -lto_library /Library/Developer/CommandLineTools/usr/lib/libLTO.dylib -dynamic -arch x86_64 -platform_version macos 10.15.0 10.15.6 -syslibroot /Library/Developer/CommandLineTools/SDKs/MacOSX10.15.sdk -o cmTC_43b80 -search_paths_first -headerpad_max_install_names -v CMakeFiles/cmTC_43b80.dir/CMakeCXXCompilerABI.cpp.o -lc++ -lSystem /Library/Developer/CommandLineTools/usr/lib/clang/12.0.0/lib/darwin/libclang_rt.osx.a]
    arg [/Library/Developer/CommandLineTools/usr/bin/ld] ==> ignore
    arg [-demangle] ==> ignore
    arg [-lto_library] ==> ignore, skip following value
    arg [/Library/Developer/CommandLineTools/usr/lib/libLTO.dylib] ==> skip value of -lto_library
    arg [-dynamic] ==> ignore
    arg [-arch] ==> ignore
    arg [x86_64] ==> ignore
    arg [-platform_version] ==> ignore
    arg [macos] ==> ignore
    arg [10.15.0] ==> ignore
    arg [10.15.6] ==> ignore
    arg [-syslibroot] ==> ignore
    arg [/Library/Developer/CommandLineTools/SDKs/MacOSX10.15.sdk] ==> ignore
    arg [-o] ==> ignore
    arg [cmTC_43b80] ==> ignore
    arg [-search_paths_first] ==> ignore
    arg [-headerpad_max_install_names] ==> ignore
    arg [-v] ==> ignore
    arg [CMakeFiles/cmTC_43b80.dir/CMakeCXXCompilerABI.cpp.o] ==> ignore
    arg [-lc++] ==> lib [c++]
    arg [-lSystem] ==> lib [System]
    arg [/Library/Developer/CommandLineTools/usr/lib/clang/12.0.0/lib/darwin/libclang_rt.osx.a] ==> lib [/Library/Developer/CommandLineTools/usr/lib/clang/12.0.0/lib/darwin/libclang_rt.osx.a]
  Library search paths: [;/Library/Developer/CommandLineTools/SDKs/MacOSX10.15.sdk/usr/lib]
  Framework search paths: [;/Library/Developer/CommandLineTools/SDKs/MacOSX10.15.sdk/System/Library/Frameworks/]
  remove lib [System]
  remove lib [/Library/Developer/CommandLineTools/usr/lib/clang/12.0.0/lib/darwin/libclang_rt.osx.a]
  collapse library dir [/Library/Developer/CommandLineTools/SDKs/MacOSX10.15.sdk/usr/lib] ==> [/Library/Developer/CommandLineTools/SDKs/MacOSX10.15.sdk/usr/lib]
  collapse framework dir [/Library/Developer/CommandLineTools/SDKs/MacOSX10.15.sdk/System/Library/Frameworks/] ==> [/Library/Developer/CommandLineTools/SDKs/MacOSX10.15.sdk/System/Library/Frameworks]
  implicit libs: [c++]
  implicit dirs: [/Library/Developer/CommandLineTools/SDKs/MacOSX10.15.sdk/usr/lib]
  implicit fwks: [/Library/Developer/CommandLineTools/SDKs/MacOSX10.15.sdk/System/Library/Frameworks]


Determining if the include file pthread.h exists passed with the following output:
Change Dir: /Users/inflalfa/Desktop/Columbia/robotics/final project/vlRLstack/src/rgb_stacking/dm_rob/cpp/build/temp.macosx-10.9-x86_64-3.8/CMakeFiles/CMakeTmp

Run Build Command(s):/usr/bin/make cmTC_5d909/fast && /Library/Developer/CommandLineTools/usr/bin/make  -f CMakeFiles/cmTC_5d909.dir/build.make CMakeFiles/cmTC_5d909.dir/build
Building C object CMakeFiles/cmTC_5d909.dir/CheckIncludeFile.c.o
/Library/Developer/CommandLineTools/usr/bin/cc   -isysroot /Library/Developer/CommandLineTools/SDKs/MacOSX10.15.sdk -fPIE -o CMakeFiles/cmTC_5d909.dir/CheckIncludeFile.c.o -c "/Users/inflalfa/Desktop/Columbia/robotics/final project/vlRLstack/src/rgb_stacking/dm_rob/cpp/build/temp.macosx-10.9-x86_64-3.8/CMakeFiles/CMakeTmp/CheckIncludeFile.c"
Linking C executable cmTC_5d909
/usr/local/Cellar/cmake/3.18.1/bin/cmake -E cmake_link_script CMakeFiles/cmTC_5d909.dir/link.txt --verbose=1
/Library/Developer/CommandLineTools/usr/bin/cc  -isysroot /Library/Developer/CommandLineTools/SDKs/MacOSX10.15.sdk -Wl,-search_paths_first -Wl,-headerpad_max_install_names CMakeFiles/cmTC_5d909.dir/CheckIncludeFile.c.o -o cmTC_5d909 



Performing C SOURCE FILE Test CMAKE_HAVE_LIBC_PTHREAD succeeded with the following output:
Change Dir: /Users/inflalfa/Desktop/Columbia/robotics/final project/vlRLstack/src/rgb_stacking/dm_rob/cpp/build/temp.macosx-10.9-x86_64-3.8/CMakeFiles/CMakeTmp

Run Build Command(s):/usr/bin/make cmTC_8b315/fast && /Library/Developer/CommandLineTools/usr/bin/make  -f CMakeFiles/cmTC_8b315.dir/build.make CMakeFiles/cmTC_8b315.dir/build
Building C object CMakeFiles/cmTC_8b315.dir/src.c.o
/Library/Developer/CommandLineTools/usr/bin/cc   -DCMAKE_HAVE_LIBC_PTHREAD -isysroot /Library/Developer/CommandLineTools/SDKs/MacOSX10.15.sdk -fPIE -o CMakeFiles/cmTC_8b315.dir/src.c.o -c "/Users/inflalfa/Desktop/Columbia/robotics/final project/vlRLstack/src/rgb_stacking/dm_rob/cpp/build/temp.macosx-10.9-x86_64-3.8/CMakeFiles/CMakeTmp/src.c"
Linking C executable cmTC_8b315
/usr/local/Cellar/cmake/3.18.1/bin/cmake -E cmake_link_script CMakeFiles/cmTC_8b315.dir/link.txt --verbose=1
/Library/Developer/CommandLineTools/usr/bin/cc  -DCMAKE_HAVE_LIBC_PTHREAD -isysroot /Library/Developer/CommandLineTools/SDKs/MacOSX10.15.sdk -Wl,-search_paths_first -Wl,-headerpad_max_install_names CMakeFiles/cmTC_8b315.dir/src.c.o -o cmTC_8b315 


Source file was:
#include <pthread.h>

void* test_func(void* data)
{
  return data;
}

int main(void)
{
  pthread_t thread;
  pthread_create(&thread, NULL, test_func, NULL);
  pthread_detach(thread);
  pthread_cancel(thread);
  pthread_join(thread, NULL);
  pthread_atfork(NULL, NULL, NULL);
  pthread_exit(NULL);

  return 0;
}

Performing C++ SOURCE FILE Test standard_math_library_linked_to_automatically succeeded with the following output:
Change Dir: /Users/inflalfa/Desktop/Columbia/robotics/final project/vlRLstack/src/rgb_stacking/dm_rob/cpp/build/temp.macosx-10.9-x86_64-3.8/CMakeFiles/CMakeTmp

Run Build Command(s):/usr/bin/make cmTC_a0299/fast && /Library/Developer/CommandLineTools/usr/bin/make  -f CMakeFiles/cmTC_a0299.dir/build.make CMakeFiles/cmTC_a0299.dir/build
Building CXX object CMakeFiles/cmTC_a0299.dir/src.cxx.o
/Library/Developer/CommandLineTools/usr/bin/c++   -Dstandard_math_library_linked_to_automatically -isysroot /Library/Developer/CommandLineTools/SDKs/MacOSX10.15.sdk -fPIE -o CMakeFiles/cmTC_a0299.dir/src.cxx.o -c "/Users/inflalfa/Desktop/Columbia/robotics/final project/vlRLstack/src/rgb_stacking/dm_rob/cpp/build/temp.macosx-10.9-x86_64-3.8/CMakeFiles/CMakeTmp/src.cxx"
Linking CXX executable cmTC_a0299
/usr/local/Cellar/cmake/3.18.1/bin/cmake -E cmake_link_script CMakeFiles/cmTC_a0299.dir/link.txt --verbose=1
/Library/Developer/CommandLineTools/usr/bin/c++  -Dstandard_math_library_linked_to_automatically -isysroot /Library/Developer/CommandLineTools/SDKs/MacOSX10.15.sdk -Wl,-search_paths_first -Wl,-headerpad_max_install_names CMakeFiles/cmTC_a0299.dir/src.cxx.o -o cmTC_a0299 


Source file was:

#include<cmath>
int main(int argc, char **){
  return int(std::sin(double(argc)) + std::log(double(argc)));
}
Performing C++ SOURCE FILE Test COMPILER_SUPPORT_WERROR succeeded with the following output:
Change Dir: /Users/inflalfa/Desktop/Columbia/robotics/final project/vlRLstack/src/rgb_stacking/dm_rob/cpp/build/temp.macosx-10.9-x86_64-3.8/CMakeFiles/CMakeTmp

Run Build Command(s):/usr/bin/make cmTC_cf3e6/fast && /Library/Developer/CommandLineTools/usr/bin/make  -f CMakeFiles/cmTC_cf3e6.dir/build.make CMakeFiles/cmTC_cf3e6.dir/build
Building CXX object CMakeFiles/cmTC_cf3e6.dir/src.cxx.o
/Library/Developer/CommandLineTools/usr/bin/c++   -DCOMPILER_SUPPORT_WERROR -isysroot /Library/Developer/CommandLineTools/SDKs/MacOSX10.15.sdk -fPIE   -Werror -o CMakeFiles/cmTC_cf3e6.dir/src.cxx.o -c "/Users/inflalfa/Desktop/Columbia/robotics/final project/vlRLstack/src/rgb_stacking/dm_rob/cpp/build/temp.macosx-10.9-x86_64-3.8/CMakeFiles/CMakeTmp/src.cxx"
Linking CXX executable cmTC_cf3e6
/usr/local/Cellar/cmake/3.18.1/bin/cmake -E cmake_link_script CMakeFiles/cmTC_cf3e6.dir/link.txt --verbose=1
/Library/Developer/CommandLineTools/usr/bin/c++  -DCOMPILER_SUPPORT_WERROR -isysroot /Library/Developer/CommandLineTools/SDKs/MacOSX10.15.sdk -Wl,-search_paths_first -Wl,-headerpad_max_install_names CMakeFiles/cmTC_cf3e6.dir/src.cxx.o -o cmTC_cf3e6 


Source file was:
int main() { return 0; }
Performing C++ SOURCE FILE Test COMPILER_SUPPORT_pedantic succeeded with the following output:
Change Dir: /Users/inflalfa/Desktop/Columbia/robotics/final project/vlRLstack/src/rgb_stacking/dm_rob/cpp/build/temp.macosx-10.9-x86_64-3.8/CMakeFiles/CMakeTmp

Run Build Command(s):/usr/bin/make cmTC_8a880/fast && /Library/Developer/CommandLineTools/usr/bin/make  -f CMakeFiles/cmTC_8a880.dir/build.make CMakeFiles/cmTC_8a880.dir/build
Building CXX object CMakeFiles/cmTC_8a880.dir/src.cxx.o
/Library/Developer/CommandLineTools/usr/bin/c++   -DCOMPILER_SUPPORT_pedantic -Werror -isysroot /Library/Developer/CommandLineTools/SDKs/MacOSX10.15.sdk -fPIE   -pedantic -o CMakeFiles/cmTC_8a880.dir/src.cxx.o -c "/Users/inflalfa/Desktop/Columbia/robotics/final project/vlRLstack/src/rgb_stacking/dm_rob/cpp/build/temp.macosx-10.9-x86_64-3.8/CMakeFiles/CMakeTmp/src.cxx"
Linking CXX executable cmTC_8a880
/usr/local/Cellar/cmake/3.18.1/bin/cmake -E cmake_link_script CMakeFiles/cmTC_8a880.dir/link.txt --verbose=1
/Library/Developer/CommandLineTools/usr/bin/c++  -DCOMPILER_SUPPORT_pedantic -Werror -isysroot /Library/Developer/CommandLineTools/SDKs/MacOSX10.15.sdk -Wl,-search_paths_first -Wl,-headerpad_max_install_names CMakeFiles/cmTC_8a880.dir/src.cxx.o -o cmTC_8a880 


Source file was:
int main() { return 0; }
Performing C++ SOURCE FILE Test COMPILER_SUPPORT_Wall succeeded with the following output:
Change Dir: /Users/inflalfa/Desktop/Columbia/robotics/final project/vlRLstack/src/rgb_stacking/dm_rob/cpp/build/temp.macosx-10.9-x86_64-3.8/CMakeFiles/CMakeTmp

Run Build Command(s):/usr/bin/make cmTC_f881a/fast && /Library/Developer/CommandLineTools/usr/bin/make  -f CMakeFiles/cmTC_f881a.dir/build.make CMakeFiles/cmTC_f881a.dir/build
Building CXX object CMakeFiles/cmTC_f881a.dir/src.cxx.o
/Library/Developer/CommandLineTools/usr/bin/c++   -pedantic -DCOMPILER_SUPPORT_Wall -Werror -isysroot /Library/Developer/CommandLineTools/SDKs/MacOSX10.15.sdk -fPIE   -Wall -o CMakeFiles/cmTC_f881a.dir/src.cxx.o -c "/Users/inflalfa/Desktop/Columbia/robotics/final project/vlRLstack/src/rgb_stacking/dm_rob/cpp/build/temp.macosx-10.9-x86_64-3.8/CMakeFiles/CMakeTmp/src.cxx"
Linking CXX executable cmTC_f881a
/usr/local/Cellar/cmake/3.18.1/bin/cmake -E cmake_link_script CMakeFiles/cmTC_f881a.dir/link.txt --verbose=1
/Library/Developer/CommandLineTools/usr/bin/c++  -pedantic -DCOMPILER_SUPPORT_Wall -Werror -isysroot /Library/Developer/CommandLineTools/SDKs/MacOSX10.15.sdk -Wl,-search_paths_first -Wl,-headerpad_max_install_names CMakeFiles/cmTC_f881a.dir/src.cxx.o -o cmTC_f881a 


Source file was:
int main() { return 0; }
Performing C++ SOURCE FILE Test COMPILER_SUPPORT_Wextra succeeded with the following output:
Change Dir: /Users/inflalfa/Desktop/Columbia/robotics/final project/vlRLstack/src/rgb_stacking/dm_rob/cpp/build/temp.macosx-10.9-x86_64-3.8/CMakeFiles/CMakeTmp

Run Build Command(s):/usr/bin/make cmTC_4aa6f/fast && /Library/Developer/CommandLineTools/usr/bin/make  -f CMakeFiles/cmTC_4aa6f.dir/build.make CMakeFiles/cmTC_4aa6f.dir/build
Building CXX object CMakeFiles/cmTC_4aa6f.dir/src.cxx.o
/Library/Developer/CommandLineTools/usr/bin/c++   -pedantic -Wall -DCOMPILER_SUPPORT_Wextra -Werror -isysroot /Library/Developer/CommandLineTools/SDKs/MacOSX10.15.sdk -fPIE   -Wextra -o CMakeFiles/cmTC_4aa6f.dir/src.cxx.o -c "/Users/inflalfa/Desktop/Columbia/robotics/final project/vlRLstack/src/rgb_stacking/dm_rob/cpp/build/temp.macosx-10.9-x86_64-3.8/CMakeFiles/CMakeTmp/src.cxx"
Linking CXX executable cmTC_4aa6f
/usr/local/Cellar/cmake/3.18.1/bin/cmake -E cmake_link_script CMakeFiles/cmTC_4aa6f.dir/link.txt --verbose=1
/Library/Developer/CommandLineTools/usr/bin/c++  -pedantic -Wall -DCOMPILER_SUPPORT_Wextra -Werror -isysroot /Library/Developer/CommandLineTools/SDKs/MacOSX10.15.sdk -Wl,-search_paths_first -Wl,-headerpad_max_install_names CMakeFiles/cmTC_4aa6f.dir/src.cxx.o -o cmTC_4aa6f 


Source file was:
int main() { return 0; }
Performing C++ SOURCE FILE Test COMPILER_SUPPORT_Wundef succeeded with the following output:
Change Dir: /Users/inflalfa/Desktop/Columbia/robotics/final project/vlRLstack/src/rgb_stacking/dm_rob/cpp/build/temp.macosx-10.9-x86_64-3.8/CMakeFiles/CMakeTmp

Run Build Command(s):/usr/bin/make cmTC_3b7c0/fast && /Library/Developer/CommandLineTools/usr/bin/make  -f CMakeFiles/cmTC_3b7c0.dir/build.make CMakeFiles/cmTC_3b7c0.dir/build
Building CXX object CMakeFiles/cmTC_3b7c0.dir/src.cxx.o
/Library/Developer/CommandLineTools/usr/bin/c++   -pedantic -Wall -Wextra -DCOMPILER_SUPPORT_Wundef -Werror -isysroot /Library/Developer/CommandLineTools/SDKs/MacOSX10.15.sdk -fPIE   -Wundef -o CMakeFiles/cmTC_3b7c0.dir/src.cxx.o -c "/Users/inflalfa/Desktop/Columbia/robotics/final project/vlRLstack/src/rgb_stacking/dm_rob/cpp/build/temp.macosx-10.9-x86_64-3.8/CMakeFiles/CMakeTmp/src.cxx"
Linking CXX executable cmTC_3b7c0
/usr/local/Cellar/cmake/3.18.1/bin/cmake -E cmake_link_script CMakeFiles/cmTC_3b7c0.dir/link.txt --verbose=1
/Library/Developer/CommandLineTools/usr/bin/c++  -pedantic -Wall -Wextra -DCOMPILER_SUPPORT_Wundef -Werror -isysroot /Library/Developer/CommandLineTools/SDKs/MacOSX10.15.sdk -Wl,-search_paths_first -Wl,-headerpad_max_install_names CMakeFiles/cmTC_3b7c0.dir/src.cxx.o -o cmTC_3b7c0 


Source file was:
int main() { return 0; }
Performing C++ SOURCE FILE Test COMPILER_SUPPORT_Wcastalign succeeded with the following output:
Change Dir: /Users/inflalfa/Desktop/Columbia/robotics/final project/vlRLstack/src/rgb_stacking/dm_rob/cpp/build/temp.macosx-10.9-x86_64-3.8/CMakeFiles/CMakeTmp

Run Build Command(s):/usr/bin/make cmTC_dda97/fast && /Library/Developer/CommandLineTools/usr/bin/make  -f CMakeFiles/cmTC_dda97.dir/build.make CMakeFiles/cmTC_dda97.dir/build
Building CXX object CMakeFiles/cmTC_dda97.dir/src.cxx.o
/Library/Developer/CommandLineTools/usr/bin/c++   -pedantic -Wall -Wextra -Wundef -DCOMPILER_SUPPORT_Wcastalign -Werror -isysroot /Library/Developer/CommandLineTools/SDKs/MacOSX10.15.sdk -fPIE   -Wcast-align -o CMakeFiles/cmTC_dda97.dir/src.cxx.o -c "/Users/inflalfa/Desktop/Columbia/robotics/final project/vlRLstack/src/rgb_stacking/dm_rob/cpp/build/temp.macosx-10.9-x86_64-3.8/CMakeFiles/CMakeTmp/src.cxx"
Linking CXX executable cmTC_dda97
/usr/local/Cellar/cmake/3.18.1/bin/cmake -E cmake_link_script CMakeFiles/cmTC_dda97.dir/link.txt --verbose=1
/Library/Developer/CommandLineTools/usr/bin/c++  -pedantic -Wall -Wextra -Wundef -DCOMPILER_SUPPORT_Wcastalign -Werror -isysroot /Library/Developer/CommandLineTools/SDKs/MacOSX10.15.sdk -Wl,-search_paths_first -Wl,-headerpad_max_install_names CMakeFiles/cmTC_dda97.dir/src.cxx.o -o cmTC_dda97 


Source file was:
int main() { return 0; }
Performing C++ SOURCE FILE Test COMPILER_SUPPORT_Wcharsubscripts succeeded with the following output:
Change Dir: /Users/inflalfa/Desktop/Columbia/robotics/final project/vlRLstack/src/rgb_stacking/dm_rob/cpp/build/temp.macosx-10.9-x86_64-3.8/CMakeFiles/CMakeTmp

Run Build Command(s):/usr/bin/make cmTC_72c1b/fast && /Library/Developer/CommandLineTools/usr/bin/make  -f CMakeFiles/cmTC_72c1b.dir/build.make CMakeFiles/cmTC_72c1b.dir/build
Building CXX object CMakeFiles/cmTC_72c1b.dir/src.cxx.o
/Library/Developer/CommandLineTools/usr/bin/c++   -pedantic -Wall -Wextra -Wundef -Wcast-align -DCOMPILER_SUPPORT_Wcharsubscripts -Werror -isysroot /Library/Developer/CommandLineTools/SDKs/MacOSX10.15.sdk -fPIE   -Wchar-subscripts -o CMakeFiles/cmTC_72c1b.dir/src.cxx.o -c "/Users/inflalfa/Desktop/Columbia/robotics/final project/vlRLstack/src/rgb_stacking/dm_rob/cpp/build/temp.macosx-10.9-x86_64-3.8/CMakeFiles/CMakeTmp/src.cxx"
Linking CXX executable cmTC_72c1b
/usr/local/Cellar/cmake/3.18.1/bin/cmake -E cmake_link_script CMakeFiles/cmTC_72c1b.dir/link.txt --verbose=1
/Library/Developer/CommandLineTools/usr/bin/c++  -pedantic -Wall -Wextra -Wundef -Wcast-align -DCOMPILER_SUPPORT_Wcharsubscripts -Werror -isysroot /Library/Developer/CommandLineTools/SDKs/MacOSX10.15.sdk -Wl,-search_paths_first -Wl,-headerpad_max_install_names CMakeFiles/cmTC_72c1b.dir/src.cxx.o -o cmTC_72c1b 


Source file was:
int main() { return 0; }
Performing C++ SOURCE FILE Test COMPILER_SUPPORT_Wnonvirtualdtor succeeded with the following output:
Change Dir: /Users/inflalfa/Desktop/Columbia/robotics/final project/vlRLstack/src/rgb_stacking/dm_rob/cpp/build/temp.macosx-10.9-x86_64-3.8/CMakeFiles/CMakeTmp

Run Build Command(s):/usr/bin/make cmTC_bae96/fast && /Library/Developer/CommandLineTools/usr/bin/make  -f CMakeFiles/cmTC_bae96.dir/build.make CMakeFiles/cmTC_bae96.dir/build
Building CXX object CMakeFiles/cmTC_bae96.dir/src.cxx.o
/Library/Developer/CommandLineTools/usr/bin/c++   -pedantic -Wall -Wextra -Wundef -Wcast-align -Wchar-subscripts -DCOMPILER_SUPPORT_Wnonvirtualdtor -Werror -isysroot /Library/Developer/CommandLineTools/SDKs/MacOSX10.15.sdk -fPIE   -Wnon-virtual-dtor -o CMakeFiles/cmTC_bae96.dir/src.cxx.o -c "/Users/inflalfa/Desktop/Columbia/robotics/final project/vlRLstack/src/rgb_stacking/dm_rob/cpp/build/temp.macosx-10.9-x86_64-3.8/CMakeFiles/CMakeTmp/src.cxx"
Linking CXX executable cmTC_bae96
/usr/local/Cellar/cmake/3.18.1/bin/cmake -E cmake_link_script CMakeFiles/cmTC_bae96.dir/link.txt --verbose=1
/Library/Developer/CommandLineTools/usr/bin/c++  -pedantic -Wall -Wextra -Wundef -Wcast-align -Wchar-subscripts -DCOMPILER_SUPPORT_Wnonvirtualdtor -Werror -isysroot /Library/Developer/CommandLineTools/SDKs/MacOSX10.15.sdk -Wl,-search_paths_first -Wl,-headerpad_max_install_names CMakeFiles/cmTC_bae96.dir/src.cxx.o -o cmTC_bae96 


Source file was:
int main() { return 0; }
Performing C++ SOURCE FILE Test COMPILER_SUPPORT_Wunusedlocaltypedefs succeeded with the following output:
Change Dir: /Users/inflalfa/Desktop/Columbia/robotics/final project/vlRLstack/src/rgb_stacking/dm_rob/cpp/build/temp.macosx-10.9-x86_64-3.8/CMakeFiles/CMakeTmp

Run Build Command(s):/usr/bin/make cmTC_c9967/fast && /Library/Developer/CommandLineTools/usr/bin/make  -f CMakeFiles/cmTC_c9967.dir/build.make CMakeFiles/cmTC_c9967.dir/build
Building CXX object CMakeFiles/cmTC_c9967.dir/src.cxx.o
/Library/Developer/CommandLineTools/usr/bin/c++   -pedantic -Wall -Wextra -Wundef -Wcast-align -Wchar-subscripts -Wnon-virtual-dtor -DCOMPILER_SUPPORT_Wunusedlocaltypedefs -Werror -isysroot /Library/Developer/CommandLineTools/SDKs/MacOSX10.15.sdk -fPIE   -Wunused-local-typedefs -o CMakeFiles/cmTC_c9967.dir/src.cxx.o -c "/Users/inflalfa/Desktop/Columbia/robotics/final project/vlRLstack/src/rgb_stacking/dm_rob/cpp/build/temp.macosx-10.9-x86_64-3.8/CMakeFiles/CMakeTmp/src.cxx"
Linking CXX executable cmTC_c9967
/usr/local/Cellar/cmake/3.18.1/bin/cmake -E cmake_link_script CMakeFiles/cmTC_c9967.dir/link.txt --verbose=1
/Library/Developer/CommandLineTools/usr/bin/c++  -pedantic -Wall -Wextra -Wundef -Wcast-align -Wchar-subscripts -Wnon-virtual-dtor -DCOMPILER_SUPPORT_Wunusedlocaltypedefs -Werror -isysroot /Library/Developer/CommandLineTools/SDKs/MacOSX10.15.sdk -Wl,-search_paths_first -Wl,-headerpad_max_install_names CMakeFiles/cmTC_c9967.dir/src.cxx.o -o cmTC_c9967 


Source file was:
int main() { return 0; }
Performing C++ SOURCE FILE Test COMPILER_SUPPORT_Wpointerarith succeeded with the following output:
Change Dir: /Users/inflalfa/Desktop/Columbia/robotics/final project/vlRLstack/src/rgb_stacking/dm_rob/cpp/build/temp.macosx-10.9-x86_64-3.8/CMakeFiles/CMakeTmp

Run Build Command(s):/usr/bin/make cmTC_5cc00/fast && /Library/Developer/CommandLineTools/usr/bin/make  -f CMakeFiles/cmTC_5cc00.dir/build.make CMakeFiles/cmTC_5cc00.dir/build
Building CXX object CMakeFiles/cmTC_5cc00.dir/src.cxx.o
/Library/Developer/CommandLineTools/usr/bin/c++   -pedantic -Wall -Wextra -Wundef -Wcast-align -Wchar-subscripts -Wnon-virtual-dtor -Wunused-local-typedefs -DCOMPILER_SUPPORT_Wpointerarith -Werror -isysroot /Library/Developer/CommandLineTools/SDKs/MacOSX10.15.sdk -fPIE   -Wpointer-arith -o CMakeFiles/cmTC_5cc00.dir/src.cxx.o -c "/Users/inflalfa/Desktop/Columbia/robotics/final project/vlRLstack/src/rgb_stacking/dm_rob/cpp/build/temp.macosx-10.9-x86_64-3.8/CMakeFiles/CMakeTmp/src.cxx"
Linking CXX executable cmTC_5cc00
/usr/local/Cellar/cmake/3.18.1/bin/cmake -E cmake_link_script CMakeFiles/cmTC_5cc00.dir/link.txt --verbose=1
/Library/Developer/CommandLineTools/usr/bin/c++  -pedantic -Wall -Wextra -Wundef -Wcast-align -Wchar-subscripts -Wnon-virtual-dtor -Wunused-local-typedefs -DCOMPILER_SUPPORT_Wpointerarith -Werror -isysroot /Library/Developer/CommandLineTools/SDKs/MacOSX10.15.sdk -Wl,-search_paths_first -Wl,-headerpad_max_install_names CMakeFiles/cmTC_5cc00.dir/src.cxx.o -o cmTC_5cc00 


Source file was:
int main() { return 0; }
Performing C++ SOURCE FILE Test COMPILER_SUPPORT_Wwritestrings succeeded with the following output:
Change Dir: /Users/inflalfa/Desktop/Columbia/robotics/final project/vlRLstack/src/rgb_stacking/dm_rob/cpp/build/temp.macosx-10.9-x86_64-3.8/CMakeFiles/CMakeTmp

Run Build Command(s):/usr/bin/make cmTC_9c9dc/fast && /Library/Developer/CommandLineTools/usr/bin/make  -f CMakeFiles/cmTC_9c9dc.dir/build.make CMakeFiles/cmTC_9c9dc.dir/build
Building CXX object CMakeFiles/cmTC_9c9dc.dir/src.cxx.o
/Library/Developer/CommandLineTools/usr/bin/c++   -pedantic -Wall -Wextra -Wundef -Wcast-align -Wchar-subscripts -Wnon-virtual-dtor -Wunused-local-typedefs -Wpointer-arith -DCOMPILER_SUPPORT_Wwritestrings -Werror -isysroot /Library/Developer/CommandLineTools/SDKs/MacOSX10.15.sdk -fPIE   -Wwrite-strings -o CMakeFiles/cmTC_9c9dc.dir/src.cxx.o -c "/Users/inflalfa/Desktop/Columbia/robotics/final project/vlRLstack/src/rgb_stacking/dm_rob/cpp/build/temp.macosx-10.9-x86_64-3.8/CMakeFiles/CMakeTmp/src.cxx"
Linking CXX executable cmTC_9c9dc
/usr/local/Cellar/cmake/3.18.1/bin/cmake -E cmake_link_script CMakeFiles/cmTC_9c9dc.dir/link.txt --verbose=1
/Library/Developer/CommandLineTools/usr/bin/c++  -pedantic -Wall -Wextra -Wundef -Wcast-align -Wchar-subscripts -Wnon-virtual-dtor -Wunused-local-typedefs -Wpointer-arith -DCOMPILER_SUPPORT_Wwritestrings -Werror -isysroot /Library/Developer/CommandLineTools/SDKs/MacOSX10.15.sdk -Wl,-search_paths_first -Wl,-headerpad_max_install_names CMakeFiles/cmTC_9c9dc.dir/src.cxx.o -o cmTC_9c9dc 


Source file was:
int main() { return 0; }
Performing C++ SOURCE FILE Test COMPILER_SUPPORT_Wformatsecurity succeeded with the following output:
Change Dir: /Users/inflalfa/Desktop/Columbia/robotics/final project/vlRLstack/src/rgb_stacking/dm_rob/cpp/build/temp.macosx-10.9-x86_64-3.8/CMakeFiles/CMakeTmp

Run Build Command(s):/usr/bin/make cmTC_55b2f/fast && /Library/Developer/CommandLineTools/usr/bin/make  -f CMakeFiles/cmTC_55b2f.dir/build.make CMakeFiles/cmTC_55b2f.dir/build
Building CXX object CMakeFiles/cmTC_55b2f.dir/src.cxx.o
/Library/Developer/CommandLineTools/usr/bin/c++   -pedantic -Wall -Wextra -Wundef -Wcast-align -Wchar-subscripts -Wnon-virtual-dtor -Wunused-local-typedefs -Wpointer-arith -Wwrite-strings -DCOMPILER_SUPPORT_Wformatsecurity -Werror -isysroot /Library/Developer/CommandLineTools/SDKs/MacOSX10.15.sdk -fPIE   -Wformat-security -o CMakeFiles/cmTC_55b2f.dir/src.cxx.o -c "/Users/inflalfa/Desktop/Columbia/robotics/final project/vlRLstack/src/rgb_stacking/dm_rob/cpp/build/temp.macosx-10.9-x86_64-3.8/CMakeFiles/CMakeTmp/src.cxx"
Linking CXX executable cmTC_55b2f
/usr/local/Cellar/cmake/3.18.1/bin/cmake -E cmake_link_script CMakeFiles/cmTC_55b2f.dir/link.txt --verbose=1
/Library/Developer/CommandLineTools/usr/bin/c++  -pedantic -Wall -Wextra -Wundef -Wcast-align -Wchar-subscripts -Wnon-virtual-dtor -Wunused-local-typedefs -Wpointer-arith -Wwrite-strings -DCOMPILER_SUPPORT_Wformatsecurity -Werror -isysroot /Library/Developer/CommandLineTools/SDKs/MacOSX10.15.sdk -Wl,-search_paths_first -Wl,-headerpad_max_install_names CMakeFiles/cmTC_55b2f.dir/src.cxx.o -o cmTC_55b2f 


Source file was:
int main() { return 0; }
Performing C++ SOURCE FILE Test COMPILER_SUPPORT_Wshorten64to32 succeeded with the following output:
Change Dir: /Users/inflalfa/Desktop/Columbia/robotics/final project/vlRLstack/src/rgb_stacking/dm_rob/cpp/build/temp.macosx-10.9-x86_64-3.8/CMakeFiles/CMakeTmp

Run Build Command(s):/usr/bin/make cmTC_75ca2/fast && /Library/Developer/CommandLineTools/usr/bin/make  -f CMakeFiles/cmTC_75ca2.dir/build.make CMakeFiles/cmTC_75ca2.dir/build
Building CXX object CMakeFiles/cmTC_75ca2.dir/src.cxx.o
/Library/Developer/CommandLineTools/usr/bin/c++   -pedantic -Wall -Wextra -Wundef -Wcast-align -Wchar-subscripts -Wnon-virtual-dtor -Wunused-local-typedefs -Wpointer-arith -Wwrite-strings -Wformat-security -DCOMPILER_SUPPORT_Wshorten64to32 -Werror -isysroot /Library/Developer/CommandLineTools/SDKs/MacOSX10.15.sdk -fPIE   -Wshorten-64-to-32 -o CMakeFiles/cmTC_75ca2.dir/src.cxx.o -c "/Users/inflalfa/Desktop/Columbia/robotics/final project/vlRLstack/src/rgb_stacking/dm_rob/cpp/build/temp.macosx-10.9-x86_64-3.8/CMakeFiles/CMakeTmp/src.cxx"
Linking CXX executable cmTC_75ca2
/usr/local/Cellar/cmake/3.18.1/bin/cmake -E cmake_link_script CMakeFiles/cmTC_75ca2.dir/link.txt --verbose=1
/Library/Developer/CommandLineTools/usr/bin/c++  -pedantic -Wall -Wextra -Wundef -Wcast-align -Wchar-subscripts -Wnon-virtual-dtor -Wunused-local-typedefs -Wpointer-arith -Wwrite-strings -Wformat-security -DCOMPILER_SUPPORT_Wshorten64to32 -Werror -isysroot /Library/Developer/CommandLineTools/SDKs/MacOSX10.15.sdk -Wl,-search_paths_first -Wl,-headerpad_max_install_names CMakeFiles/cmTC_75ca2.dir/src.cxx.o -o cmTC_75ca2 


Source file was:
int main() { return 0; }
Performing C++ SOURCE FILE Test COMPILER_SUPPORT_Wenumconversion succeeded with the following output:
Change Dir: /Users/inflalfa/Desktop/Columbia/robotics/final project/vlRLstack/src/rgb_stacking/dm_rob/cpp/build/temp.macosx-10.9-x86_64-3.8/CMakeFiles/CMakeTmp

Run Build Command(s):/usr/bin/make cmTC_c7a47/fast && /Library/Developer/CommandLineTools/usr/bin/make  -f CMakeFiles/cmTC_c7a47.dir/build.make CMakeFiles/cmTC_c7a47.dir/build
Building CXX object CMakeFiles/cmTC_c7a47.dir/src.cxx.o
/Library/Developer/CommandLineTools/usr/bin/c++   -pedantic -Wall -Wextra -Wundef -Wcast-align -Wchar-subscripts -Wnon-virtual-dtor -Wunused-local-typedefs -Wpointer-arith -Wwrite-strings -Wformat-security -Wshorten-64-to-32 -DCOMPILER_SUPPORT_Wenumconversion -Werror -isysroot /Library/Developer/CommandLineTools/SDKs/MacOSX10.15.sdk -fPIE   -Wenum-conversion -o CMakeFiles/cmTC_c7a47.dir/src.cxx.o -c "/Users/inflalfa/Desktop/Columbia/robotics/final project/vlRLstack/src/rgb_stacking/dm_rob/cpp/build/temp.macosx-10.9-x86_64-3.8/CMakeFiles/CMakeTmp/src.cxx"
Linking CXX executable cmTC_c7a47
/usr/local/Cellar/cmake/3.18.1/bin/cmake -E cmake_link_script CMakeFiles/cmTC_c7a47.dir/link.txt --verbose=1
/Library/Developer/CommandLineTools/usr/bin/c++  -pedantic -Wall -Wextra -Wundef -Wcast-align -Wchar-subscripts -Wnon-virtual-dtor -Wunused-local-typedefs -Wpointer-arith -Wwrite-strings -Wformat-security -Wshorten-64-to-32 -DCOMPILER_SUPPORT_Wenumconversion -Werror -isysroot /Library/Developer/CommandLineTools/SDKs/MacOSX10.15.sdk -Wl,-search_paths_first -Wl,-headerpad_max_install_names CMakeFiles/cmTC_c7a47.dir/src.cxx.o -o cmTC_c7a47 


Source file was:
int main() { return 0; }
Performing C++ SOURCE FILE Test COMPILER_SUPPORT_Wcpp11extensions succeeded with the following output:
Change Dir: /Users/inflalfa/Desktop/Columbia/robotics/final project/vlRLstack/src/rgb_stacking/dm_rob/cpp/build/temp.macosx-10.9-x86_64-3.8/CMakeFiles/CMakeTmp

Run Build Command(s):/usr/bin/make cmTC_54371/fast && /Library/Developer/CommandLineTools/usr/bin/make  -f CMakeFiles/cmTC_54371.dir/build.make CMakeFiles/cmTC_54371.dir/build
Building CXX object CMakeFiles/cmTC_54371.dir/src.cxx.o
/Library/Developer/CommandLineTools/usr/bin/c++   -pedantic -Wall -Wextra -Wundef -Wcast-align -Wchar-subscripts -Wnon-virtual-dtor -Wunused-local-typedefs -Wpointer-arith -Wwrite-strings -Wformat-security -Wshorten-64-to-32 -Wenum-conversion -DCOMPILER_SUPPORT_Wcpp11extensions -Werror -isysroot /Library/Developer/CommandLineTools/SDKs/MacOSX10.15.sdk -fPIE   -Wc++11-extensions -o CMakeFiles/cmTC_54371.dir/src.cxx.o -c "/Users/inflalfa/Desktop/Columbia/robotics/final project/vlRLstack/src/rgb_stacking/dm_rob/cpp/build/temp.macosx-10.9-x86_64-3.8/CMakeFiles/CMakeTmp/src.cxx"
Linking CXX executable cmTC_54371
/usr/local/Cellar/cmake/3.18.1/bin/cmake -E cmake_link_script CMakeFiles/cmTC_54371.dir/link.txt --verbose=1
/Library/Developer/CommandLineTools/usr/bin/c++  -pedantic -Wall -Wextra -Wundef -Wcast-align -Wchar-subscripts -Wnon-virtual-dtor -Wunused-local-typedefs -Wpointer-arith -Wwrite-strings -Wformat-security -Wshorten-64-to-32 -Wenum-conversion -DCOMPILER_SUPPORT_Wcpp11extensions -Werror -isysroot /Library/Developer/CommandLineTools/SDKs/MacOSX10.15.sdk -Wl,-search_paths_first -Wl,-headerpad_max_install_names CMakeFiles/cmTC_54371.dir/src.cxx.o -o cmTC_54371 


Source file was:
int main() { return 0; }
Performing C++ SOURCE FILE Test COMPILER_SUPPORT_Wdoublepromotion succeeded with the following output:
Change Dir: /Users/inflalfa/Desktop/Columbia/robotics/final project/vlRLstack/src/rgb_stacking/dm_rob/cpp/build/temp.macosx-10.9-x86_64-3.8/CMakeFiles/CMakeTmp

Run Build Command(s):/usr/bin/make cmTC_1c73f/fast && /Library/Developer/CommandLineTools/usr/bin/make  -f CMakeFiles/cmTC_1c73f.dir/build.make CMakeFiles/cmTC_1c73f.dir/build
Building CXX object CMakeFiles/cmTC_1c73f.dir/src.cxx.o
/Library/Developer/CommandLineTools/usr/bin/c++   -pedantic -Wall -Wextra -Wundef -Wcast-align -Wchar-subscripts -Wnon-virtual-dtor -Wunused-local-typedefs -Wpointer-arith -Wwrite-strings -Wformat-security -Wshorten-64-to-32 -Wenum-conversion -Wc++11-extensions -DCOMPILER_SUPPORT_Wdoublepromotion -Werror -isysroot /Library/Developer/CommandLineTools/SDKs/MacOSX10.15.sdk -fPIE   -Wdouble-promotion -o CMakeFiles/cmTC_1c73f.dir/src.cxx.o -c "/Users/inflalfa/Desktop/Columbia/robotics/final project/vlRLstack/src/rgb_stacking/dm_rob/cpp/build/temp.macosx-10.9-x86_64-3.8/CMakeFiles/CMakeTmp/src.cxx"
Linking CXX executable cmTC_1c73f
/usr/local/Cellar/cmake/3.18.1/bin/cmake -E cmake_link_script CMakeFiles/cmTC_1c73f.dir/link.txt --verbose=1
/Library/Developer/CommandLineTools/usr/bin/c++  -pedantic -Wall -Wextra -Wundef -Wcast-align -Wchar-subscripts -Wnon-virtual-dtor -Wunused-local-typedefs -Wpointer-arith -Wwrite-strings -Wformat-security -Wshorten-64-to-32 -Wenum-conversion -Wc++11-extensions -DCOMPILER_SUPPORT_Wdoublepromotion -Werror -isysroot /Library/Developer/CommandLineTools/SDKs/MacOSX10.15.sdk -Wl,-search_paths_first -Wl,-headerpad_max_install_names CMakeFiles/cmTC_1c73f.dir/src.cxx.o -o cmTC_1c73f 


Source file was:
int main() { return 0; }
Performing C++ SOURCE FILE Test COMPILER_SUPPORT_Wshadow succeeded with the following output:
Change Dir: /Users/inflalfa/Desktop/Columbia/robotics/final project/vlRLstack/src/rgb_stacking/dm_rob/cpp/build/temp.macosx-10.9-x86_64-3.8/CMakeFiles/CMakeTmp

Run Build Command(s):/usr/bin/make cmTC_cf2fd/fast && /Library/Developer/CommandLineTools/usr/bin/make  -f CMakeFiles/cmTC_cf2fd.dir/build.make CMakeFiles/cmTC_cf2fd.dir/build
Building CXX object CMakeFiles/cmTC_cf2fd.dir/src.cxx.o
/Library/Developer/CommandLineTools/usr/bin/c++   -pedantic -Wall -Wextra -Wundef -Wcast-align -Wchar-subscripts -Wnon-virtual-dtor -Wunused-local-typedefs -Wpointer-arith -Wwrite-strings -Wformat-security -Wshorten-64-to-32 -Wenum-conversion -Wc++11-extensions -Wdouble-promotion -DCOMPILER_SUPPORT_Wshadow -Werror -isysroot /Library/Developer/CommandLineTools/SDKs/MacOSX10.15.sdk -fPIE   -Wshadow -o CMakeFiles/cmTC_cf2fd.dir/src.cxx.o -c "/Users/inflalfa/Desktop/Columbia/robotics/final project/vlRLstack/src/rgb_stacking/dm_rob/cpp/build/temp.macosx-10.9-x86_64-3.8/CMakeFiles/CMakeTmp/src.cxx"
Linking CXX executable cmTC_cf2fd
/usr/local/Cellar/cmake/3.18.1/bin/cmake -E cmake_link_script CMakeFiles/cmTC_cf2fd.dir/link.txt --verbose=1
/Library/Developer/CommandLineTools/usr/bin/c++  -pedantic -Wall -Wextra -Wundef -Wcast-align -Wchar-subscripts -Wnon-virtual-dtor -Wunused-local-typedefs -Wpointer-arith -Wwrite-strings -Wformat-security -Wshorten-64-to-32 -Wenum-conversion -Wc++11-extensions -Wdouble-promotion -DCOMPILER_SUPPORT_Wshadow -Werror -isysroot /Library/Developer/CommandLineTools/SDKs/MacOSX10.15.sdk -Wl,-search_paths_first -Wl,-headerpad_max_install_names CMakeFiles/cmTC_cf2fd.dir/src.cxx.o -o cmTC_cf2fd 


Source file was:
int main() { return 0; }
Performing C++ SOURCE FILE Test COMPILER_SUPPORT_Wnovariadicmacros succeeded with the following output:
Change Dir: /Users/inflalfa/Desktop/Columbia/robotics/final project/vlRLstack/src/rgb_stacking/dm_rob/cpp/build/temp.macosx-10.9-x86_64-3.8/CMakeFiles/CMakeTmp

Run Build Command(s):/usr/bin/make cmTC_d168a/fast && /Library/Developer/CommandLineTools/usr/bin/make  -f CMakeFiles/cmTC_d168a.dir/build.make CMakeFiles/cmTC_d168a.dir/build
Building CXX object CMakeFiles/cmTC_d168a.dir/src.cxx.o
/Library/Developer/CommandLineTools/usr/bin/c++   -pedantic -Wall -Wextra -Wundef -Wcast-align -Wchar-subscripts -Wnon-virtual-dtor -Wunused-local-typedefs -Wpointer-arith -Wwrite-strings -Wformat-security -Wshorten-64-to-32 -Wenum-conversion -Wc++11-extensions -Wdouble-promotion -Wshadow -DCOMPILER_SUPPORT_Wnovariadicmacros -Werror -isysroot /Library/Developer/CommandLineTools/SDKs/MacOSX10.15.sdk -fPIE   -Wno-variadic-macros -o CMakeFiles/cmTC_d168a.dir/src.cxx.o -c "/Users/inflalfa/Desktop/Columbia/robotics/final project/vlRLstack/src/rgb_stacking/dm_rob/cpp/build/temp.macosx-10.9-x86_64-3.8/CMakeFiles/CMakeTmp/src.cxx"
Linking CXX executable cmTC_d168a
/usr/local/Cellar/cmake/3.18.1/bin/cmake -E cmake_link_script CMakeFiles/cmTC_d168a.dir/link.txt --verbose=1
/Library/Developer/CommandLineTools/usr/bin/c++  -pedantic -Wall -Wextra -Wundef -Wcast-align -Wchar-subscripts -Wnon-virtual-dtor -Wunused-local-typedefs -Wpointer-arith -Wwrite-strings -Wformat-security -Wshorten-64-to-32 -Wenum-conversion -Wc++11-extensions -Wdouble-promotion -Wshadow -DCOMPILER_SUPPORT_Wnovariadicmacros -Werror -isysroot /Library/Developer/CommandLineTools/SDKs/MacOSX10.15.sdk -Wl,-search_paths_first -Wl,-headerpad_max_install_names CMakeFiles/cmTC_d168a.dir/src.cxx.o -o cmTC_d168a 


Source file was:
int main() { return 0; }
Performing C++ SOURCE FILE Test COMPILER_SUPPORT_Wnolonglong succeeded with the following output:
Change Dir: /Users/inflalfa/Desktop/Columbia/robotics/final project/vlRLstack/src/rgb_stacking/dm_rob/cpp/build/temp.macosx-10.9-x86_64-3.8/CMakeFiles/CMakeTmp

Run Build Command(s):/usr/bin/make cmTC_76077/fast && /Library/Developer/CommandLineTools/usr/bin/make  -f CMakeFiles/cmTC_76077.dir/build.make CMakeFiles/cmTC_76077.dir/build
Building CXX object CMakeFiles/cmTC_76077.dir/src.cxx.o
/Library/Developer/CommandLineTools/usr/bin/c++   -pedantic -Wall -Wextra -Wundef -Wcast-align -Wchar-subscripts -Wnon-virtual-dtor -Wunused-local-typedefs -Wpointer-arith -Wwrite-strings -Wformat-security -Wshorten-64-to-32 -Wenum-conversion -Wc++11-extensions -Wdouble-promotion -Wshadow -Wno-variadic-macros -DCOMPILER_SUPPORT_Wnolonglong -Werror -isysroot /Library/Developer/CommandLineTools/SDKs/MacOSX10.15.sdk -fPIE   -Wno-long-long -o CMakeFiles/cmTC_76077.dir/src.cxx.o -c "/Users/inflalfa/Desktop/Columbia/robotics/final project/vlRLstack/src/rgb_stacking/dm_rob/cpp/build/temp.macosx-10.9-x86_64-3.8/CMakeFiles/CMakeTmp/src.cxx"
Linking CXX executable cmTC_76077
/usr/local/Cellar/cmake/3.18.1/bin/cmake -E cmake_link_script CMakeFiles/cmTC_76077.dir/link.txt --verbose=1
/Library/Developer/CommandLineTools/usr/bin/c++  -pedantic -Wall -Wextra -Wundef -Wcast-align -Wchar-subscripts -Wnon-virtual-dtor -Wunused-local-typedefs -Wpointer-arith -Wwrite-strings -Wformat-security -Wshorten-64-to-32 -Wenum-conversion -Wc++11-extensions -Wdouble-promotion -Wshadow -Wno-variadic-macros -DCOMPILER_SUPPORT_Wnolonglong -Werror -isysroot /Library/Developer/CommandLineTools/SDKs/MacOSX10.15.sdk -Wl,-search_paths_first -Wl,-headerpad_max_install_names CMakeFiles/cmTC_76077.dir/src.cxx.o -o cmTC_76077 


Source file was:
int main() { return 0; }
Performing C++ SOURCE FILE Test COMPILER_SUPPORT_fnochecknew succeeded with the following output:
Change Dir: /Users/inflalfa/Desktop/Columbia/robotics/final project/vlRLstack/src/rgb_stacking/dm_rob/cpp/build/temp.macosx-10.9-x86_64-3.8/CMakeFiles/CMakeTmp

Run Build Command(s):/usr/bin/make cmTC_8b5ee/fast && /Library/Developer/CommandLineTools/usr/bin/make  -f CMakeFiles/cmTC_8b5ee.dir/build.make CMakeFiles/cmTC_8b5ee.dir/build
Building CXX object CMakeFiles/cmTC_8b5ee.dir/src.cxx.o
/Library/Developer/CommandLineTools/usr/bin/c++   -pedantic -Wall -Wextra -Wundef -Wcast-align -Wchar-subscripts -Wnon-virtual-dtor -Wunused-local-typedefs -Wpointer-arith -Wwrite-strings -Wformat-security -Wshorten-64-to-32 -Wenum-conversion -Wc++11-extensions -Wdouble-promotion -Wshadow -Wno-variadic-macros -Wno-long-long -DCOMPILER_SUPPORT_fnochecknew -Werror -isysroot /Library/Developer/CommandLineTools/SDKs/MacOSX10.15.sdk -fPIE   -fno-check-new -o CMakeFiles/cmTC_8b5ee.dir/src.cxx.o -c "/Users/inflalfa/Desktop/Columbia/robotics/final project/vlRLstack/src/rgb_stacking/dm_rob/cpp/build/temp.macosx-10.9-x86_64-3.8/CMakeFiles/CMakeTmp/src.cxx"
Linking CXX executable cmTC_8b5ee
/usr/local/Cellar/cmake/3.18.1/bin/cmake -E cmake_link_script CMakeFiles/cmTC_8b5ee.dir/link.txt --verbose=1
/Library/Developer/CommandLineTools/usr/bin/c++  -pedantic -Wall -Wextra -Wundef -Wcast-align -Wchar-subscripts -Wnon-virtual-dtor -Wunused-local-typedefs -Wpointer-arith -Wwrite-strings -Wformat-security -Wshorten-64-to-32 -Wenum-conversion -Wc++11-extensions -Wdouble-promotion -Wshadow -Wno-variadic-macros -Wno-long-long -DCOMPILER_SUPPORT_fnochecknew -Werror -isysroot /Library/Developer/CommandLineTools/SDKs/MacOSX10.15.sdk -Wl,-search_paths_first -Wl,-headerpad_max_install_names CMakeFiles/cmTC_8b5ee.dir/src.cxx.o -o cmTC_8b5ee 


Source file was:
int main() { return 0; }
Performing C++ SOURCE FILE Test COMPILER_SUPPORT_fnocommon succeeded with the following output:
Change Dir: /Users/inflalfa/Desktop/Columbia/robotics/final project/vlRLstack/src/rgb_stacking/dm_rob/cpp/build/temp.macosx-10.9-x86_64-3.8/CMakeFiles/CMakeTmp

Run Build Command(s):/usr/bin/make cmTC_3aa75/fast && /Library/Developer/CommandLineTools/usr/bin/make  -f CMakeFiles/cmTC_3aa75.dir/build.make CMakeFiles/cmTC_3aa75.dir/build
Building CXX object CMakeFiles/cmTC_3aa75.dir/src.cxx.o
/Library/Developer/CommandLineTools/usr/bin/c++   -pedantic -Wall -Wextra -Wundef -Wcast-align -Wchar-subscripts -Wnon-virtual-dtor -Wunused-local-typedefs -Wpointer-arith -Wwrite-strings -Wformat-security -Wshorten-64-to-32 -Wenum-conversion -Wc++11-extensions -Wdouble-promotion -Wshadow -Wno-variadic-macros -Wno-long-long -fno-check-new -DCOMPILER_SUPPORT_fnocommon -Werror -isysroot /Library/Developer/CommandLineTools/SDKs/MacOSX10.15.sdk -fPIE   -fno-common -o CMakeFiles/cmTC_3aa75.dir/src.cxx.o -c "/Users/inflalfa/Desktop/Columbia/robotics/final project/vlRLstack/src/rgb_stacking/dm_rob/cpp/build/temp.macosx-10.9-x86_64-3.8/CMakeFiles/CMakeTmp/src.cxx"
Linking CXX executable cmTC_3aa75
/usr/local/Cellar/cmake/3.18.1/bin/cmake -E cmake_link_script CMakeFiles/cmTC_3aa75.dir/link.txt --verbose=1
/Library/Developer/CommandLineTools/usr/bin/c++  -pedantic -Wall -Wextra -Wundef -Wcast-align -Wchar-subscripts -Wnon-virtual-dtor -Wunused-local-typedefs -Wpointer-arith -Wwrite-strings -Wformat-security -Wshorten-64-to-32 -Wenum-conversion -Wc++11-extensions -Wdouble-promotion -Wshadow -Wno-variadic-macros -Wno-long-long -fno-check-new -DCOMPILER_SUPPORT_fnocommon -Werror -isysroot /Library/Developer/CommandLineTools/SDKs/MacOSX10.15.sdk -Wl,-search_paths_first -Wl,-headerpad_max_install_names CMakeFiles/cmTC_3aa75.dir/src.cxx.o -o cmTC_3aa75 


Source file was:
int main() { return 0; }
Performing C++ SOURCE FILE Test COMPILER_SUPPORT_fstrictaliasing succeeded with the following output:
Change Dir: /Users/inflalfa/Desktop/Columbia/robotics/final project/vlRLstack/src/rgb_stacking/dm_rob/cpp/build/temp.macosx-10.9-x86_64-3.8/CMakeFiles/CMakeTmp

Run Build Command(s):/usr/bin/make cmTC_d8079/fast && /Library/Developer/CommandLineTools/usr/bin/make  -f CMakeFiles/cmTC_d8079.dir/build.make CMakeFiles/cmTC_d8079.dir/build
Building CXX object CMakeFiles/cmTC_d8079.dir/src.cxx.o
/Library/Developer/CommandLineTools/usr/bin/c++   -pedantic -Wall -Wextra -Wundef -Wcast-align -Wchar-subscripts -Wnon-virtual-dtor -Wunused-local-typedefs -Wpointer-arith -Wwrite-strings -Wformat-security -Wshorten-64-to-32 -Wenum-conversion -Wc++11-extensions -Wdouble-promotion -Wshadow -Wno-variadic-macros -Wno-long-long -fno-check-new -fno-common -DCOMPILER_SUPPORT_fstrictaliasing -Werror -isysroot /Library/Developer/CommandLineTools/SDKs/MacOSX10.15.sdk -fPIE   -fstrict-aliasing -o CMakeFiles/cmTC_d8079.dir/src.cxx.o -c "/Users/inflalfa/Desktop/Columbia/robotics/final project/vlRLstack/src/rgb_stacking/dm_rob/cpp/build/temp.macosx-10.9-x86_64-3.8/CMakeFiles/CMakeTmp/src.cxx"
Linking CXX executable cmTC_d8079
/usr/local/Cellar/cmake/3.18.1/bin/cmake -E cmake_link_script CMakeFiles/cmTC_d8079.dir/link.txt --verbose=1
/Library/Developer/CommandLineTools/usr/bin/c++  -pedantic -Wall -Wextra -Wundef -Wcast-align -Wchar-subscripts -Wnon-virtual-dtor -Wunused-local-typedefs -Wpointer-arith -Wwrite-strings -Wformat-security -Wshorten-64-to-32 -Wenum-conversion -Wc++11-extensions -Wdouble-promotion -Wshadow -Wno-variadic-macros -Wno-long-long -fno-check-new -fno-common -DCOMPILER_SUPPORT_fstrictaliasing -Werror -isysroot /Library/Developer/CommandLineTools/SDKs/MacOSX10.15.sdk -Wl,-search_paths_first -Wl,-headerpad_max_install_names CMakeFiles/cmTC_d8079.dir/src.cxx.o -o cmTC_d8079 


Source file was:
int main() { return 0; }
