Performing C++ SOURCE FILE Test COMPILER_SUPPORT_Wlogicalop failed with the following output:
Change Dir: /Users/inflalfa/Desktop/Columbia/robotics/final project/vlRLstack/src/rgb_stacking/dm_rob/cpp/build/temp.macosx-10.9-x86_64-3.8/CMakeFiles/CMakeTmp

Run Build Command(s):/usr/bin/make cmTC_d9bd7/fast && /Library/Developer/CommandLineTools/usr/bin/make  -f CMakeFiles/cmTC_d9bd7.dir/build.make CMakeFiles/cmTC_d9bd7.dir/build
Building CXX object CMakeFiles/cmTC_d9bd7.dir/src.cxx.o
/Library/Developer/CommandLineTools/usr/bin/c++   -pedantic -Wall -Wextra -Wundef -Wcast-align -Wchar-subscripts -Wnon-virtual-dtor -Wunused-local-typedefs -Wpointer-arith -Wwrite-strings -Wformat-security -Wshorten-64-to-32 -DCOMPILER_SUPPORT_Wlogicalop -Werror -isysroot /Library/Developer/CommandLineTools/SDKs/MacOSX10.15.sdk -fPIE   -Wlogical-op -o CMakeFiles/cmTC_d9bd7.dir/src.cxx.o -c "/Users/inflalfa/Desktop/Columbia/robotics/final project/vlRLstack/src/rgb_stacking/dm_rob/cpp/build/temp.macosx-10.9-x86_64-3.8/CMakeFiles/CMakeTmp/src.cxx"
error: unknown warning option '-Wlogical-op'; did you mean '-Wlong-long'? [-Werror,-Wunknown-warning-option]
make[1]: *** [CMakeFiles/cmTC_d9bd7.dir/src.cxx.o] Error 1
make: *** [cmTC_d9bd7/fast] Error 2


Source file was:
int main() { return 0; }
Performing C++ SOURCE FILE Test COMPILER_SUPPORT_Wnopsabi failed with the following output:
Change Dir: /Users/inflalfa/Desktop/Columbia/robotics/final project/vlRLstack/src/rgb_stacking/dm_rob/cpp/build/temp.macosx-10.9-x86_64-3.8/CMakeFiles/CMakeTmp

Run Build Command(s):/usr/bin/make cmTC_270eb/fast && /Library/Developer/CommandLineTools/usr/bin/make  -f CMakeFiles/cmTC_270eb.dir/build.make CMakeFiles/cmTC_270eb.dir/build
Building CXX object CMakeFiles/cmTC_270eb.dir/src.cxx.o
/Library/Developer/CommandLineTools/usr/bin/c++   -pedantic -Wall -Wextra -Wundef -Wcast-align -Wchar-subscripts -Wnon-virtual-dtor -Wunused-local-typedefs -Wpointer-arith -Wwrite-strings -Wformat-security -Wshorten-64-to-32 -Wenum-conversion -Wc++11-extensions -Wdouble-promotion -Wshadow -DCOMPILER_SUPPORT_Wnopsabi -Werror -isysroot /Library/Developer/CommandLineTools/SDKs/MacOSX10.15.sdk -fPIE   -Wno-psabi -o CMakeFiles/cmTC_270eb.dir/src.cxx.o -c "/Users/inflalfa/Desktop/Columbia/robotics/final project/vlRLstack/src/rgb_stacking/dm_rob/cpp/build/temp.macosx-10.9-x86_64-3.8/CMakeFiles/CMakeTmp/src.cxx"
error: unknown warning option '-Wno-psabi' [-Werror,-Wunknown-warning-option]
make[1]: *** [CMakeFiles/cmTC_270eb.dir/src.cxx.o] Error 1
make: *** [cmTC_270eb/fast] Error 2


Source file was:
int main() { return 0; }
Performing C++ SOURCE FILE Test COMPILER_SUPPORT_wd981 failed with the following output:
Change Dir: /Users/inflalfa/Desktop/Columbia/robotics/final project/vlRLstack/src/rgb_stacking/dm_rob/cpp/build/temp.macosx-10.9-x86_64-3.8/CMakeFiles/CMakeTmp

Run Build Command(s):/usr/bin/make cmTC_096d4/fast && /Library/Developer/CommandLineTools/usr/bin/make  -f CMakeFiles/cmTC_096d4.dir/build.make CMakeFiles/cmTC_096d4.dir/build
Building CXX object CMakeFiles/cmTC_096d4.dir/src.cxx.o
/Library/Developer/CommandLineTools/usr/bin/c++   -pedantic -Wall -Wextra -Wundef -Wcast-align -Wchar-subscripts -Wnon-virtual-dtor -Wunused-local-typedefs -Wpointer-arith -Wwrite-strings -Wformat-security -Wshorten-64-to-32 -Wenum-conversion -Wc++11-extensions -Wdouble-promotion -Wshadow -Wno-variadic-macros -Wno-long-long -fno-check-new -fno-common -fstrict-aliasing -DCOMPILER_SUPPORT_wd981 -Werror -isysroot /Library/Developer/CommandLineTools/SDKs/MacOSX10.15.sdk -fPIE   -wd981 -o CMakeFiles/cmTC_096d4.dir/src.cxx.o -c "/Users/inflalfa/Desktop/Columbia/robotics/final project/vlRLstack/src/rgb_stacking/dm_rob/cpp/build/temp.macosx-10.9-x86_64-3.8/CMakeFiles/CMakeTmp/src.cxx"
clang: error: unknown argument: '-wd981'
make[1]: *** [CMakeFiles/cmTC_096d4.dir/src.cxx.o] Error 1
make: *** [cmTC_096d4/fast] Error 2


Source file was:
int main() { return 0; }
Performing C++ SOURCE FILE Test COMPILER_SUPPORT_wd2304 failed with the following output:
Change Dir: /Users/inflalfa/Desktop/Columbia/robotics/final project/vlRLstack/src/rgb_stacking/dm_rob/cpp/build/temp.macosx-10.9-x86_64-3.8/CMakeFiles/CMakeTmp

Run Build Command(s):/usr/bin/make cmTC_59b2e/fast && /Library/Developer/CommandLineTools/usr/bin/make  -f CMakeFiles/cmTC_59b2e.dir/build.make CMakeFiles/cmTC_59b2e.dir/build
Building CXX object CMakeFiles/cmTC_59b2e.dir/src.cxx.o
/Library/Developer/CommandLineTools/usr/bin/c++   -pedantic -Wall -Wextra -Wundef -Wcast-align -Wchar-subscripts -Wnon-virtual-dtor -Wunused-local-typedefs -Wpointer-arith -Wwrite-strings -Wformat-security -Wshorten-64-to-32 -Wenum-conversion -Wc++11-extensions -Wdouble-promotion -Wshadow -Wno-variadic-macros -Wno-long-long -fno-check-new -fno-common -fstrict-aliasing -DCOMPILER_SUPPORT_wd2304 -Werror -isysroot /Library/Developer/CommandLineTools/SDKs/MacOSX10.15.sdk -fPIE   -wd2304 -o CMakeFiles/cmTC_59b2e.dir/src.cxx.o -c "/Users/inflalfa/Desktop/Columbia/robotics/final project/vlRLstack/src/rgb_stacking/dm_rob/cpp/build/temp.macosx-10.9-x86_64-3.8/CMakeFiles/CMakeTmp/src.cxx"
clang: error: unknown argument: '-wd2304'
make[1]: *** [CMakeFiles/cmTC_59b2e.dir/src.cxx.o] Error 1
make: *** [cmTC_59b2e/fast] Error 2


Source file was:
int main() { return 0; }
Performing C++ SOURCE FILE Test COMPILER_SUPPORT_OPENMP failed with the following output:
Change Dir: /Users/inflalfa/Desktop/Columbia/robotics/final project/vlRLstack/src/rgb_stacking/dm_rob/cpp/build/temp.macosx-10.9-x86_64-3.8/CMakeFiles/CMakeTmp

Run Build Command(s):/usr/bin/make cmTC_3e6d0/fast && /Library/Developer/CommandLineTools/usr/bin/make  -f CMakeFiles/cmTC_3e6d0.dir/build.make CMakeFiles/cmTC_3e6d0.dir/build
Building CXX object CMakeFiles/cmTC_3e6d0.dir/src.cxx.o
/Library/Developer/CommandLineTools/usr/bin/c++   -pedantic -Wall -Wextra -Wundef -Wcast-align -Wchar-subscripts -Wnon-virtual-dtor -Wunused-local-typedefs -Wpointer-arith -Wwrite-strings -Wformat-security -Wshorten-64-to-32 -Wenum-conversion -Wc++11-extensions -Wdouble-promotion -Wshadow -Wno-variadic-macros -Wno-long-long -fno-check-new -fno-common -fstrict-aliasing -DCOMPILER_SUPPORT_OPENMP -isysroot /Library/Developer/CommandLineTools/SDKs/MacOSX10.15.sdk -fPIE   -fopenmp -o CMakeFiles/cmTC_3e6d0.dir/src.cxx.o -c "/Users/inflalfa/Desktop/Columbia/robotics/final project/vlRLstack/src/rgb_stacking/dm_rob/cpp/build/temp.macosx-10.9-x86_64-3.8/CMakeFiles/CMakeTmp/src.cxx"
clang: error: unsupported option '-fopenmp'
make[1]: *** [CMakeFiles/cmTC_3e6d0.dir/src.cxx.o] Error 1
make: *** [cmTC_3e6d0/fast] Error 2


Source file was:
int main() { return 0; }
Looking for a Fortran compiler failed with the following output:
-- The Fortran compiler identification is unknown
CMake Error at CMakeLists.txt:2 (project):
  No CMAKE_Fortran_COMPILER could be found.

  Tell CMake where to find the compiler by setting either the environment
  variable "FC" or the CMake cache entry CMAKE_Fortran_COMPILER to the full
  path to the compiler, or to the compiler name if it is in the PATH.


-- Configuring incomplete, errors occurred!
See also "/Users/inflalfa/Desktop/Columbia/robotics/final project/vlRLstack/src/rgb_stacking/dm_rob/cpp/build/temp.macosx-10.9-x86_64-3.8/_deps/eigen-build/blas/CMakeFiles/CheckFortran/CMakeFiles/CMakeOutput.log".
See also "/Users/inflalfa/Desktop/Columbia/robotics/final project/vlRLstack/src/rgb_stacking/dm_rob/cpp/build/temp.macosx-10.9-x86_64-3.8/_deps/eigen-build/blas/CMakeFiles/CheckFortran/CMakeFiles/CMakeError.log".

